app/build/intermediates/manifest_merge_blame_file/debug/manifest-merger-blame-debug-report.txt
1<?xml version="1.0" encoding="utf-8"?>
2<manifest xmlns:android="http://schemas.android.com/apk/res/android"
3    package="com.skilligence.myapplication"
4    android:versionCode="1"
5    android:versionName="1.0" >
6
7    <uses-sdk
8        android:minSdkVersion="26"
8-->src\main\AndroidManifest.xml
9        android:targetSdkVersion="33" />
9-->src\main\AndroidManifest.xml
10
11    <!-- Although the *SdkVersion is captured in gradle build files, this is required for non gradle builds -->
12    <!-- <uses-sdk android:minSdkVersion="14"/> -->
13    <uses-permission android:name="android.permission.ACCESS_NETWORK_STATE" />
13-->[com.google.firebase:firebase-storage:20.2.1] AndroidManifest.xml:25:5-79
13-->[com.google.firebase:firebase-storage:20.2.1] AndroidManifest.xml:25:22-76
14    <uses-permission android:name="android.permission.INTERNET" />
14-->[com.google.firebase:firebase-storage:20.2.1] AndroidManifest.xml:26:5-67
14-->[com.google.firebase:firebase-storage:20.2.1] AndroidManifest.xml:26:22-64
15    <uses-permission android:name="android.permission.WAKE_LOCK" />
15-->[com.google.android.gms:play-services-measurement-api:21.3.0] AndroidManifest.xml:24:5-68
15-->[com.google.android.gms:play-services-measurement-api:21.3.0] AndroidManifest.xml:24:22-65
16    <uses-permission android:name="com.google.android.gms.permission.AD_ID" />
16-->[com.google.android.gms:play-services-measurement-api:21.3.0] AndroidManifest.xml:25:5-79
16-->[com.google.android.gms:play-services-measurement-api:21.3.0] AndroidManifest.xml:25:22-76
17    <uses-permission android:name="com.google.android.finsky.permission.BIND_GET_INSTALL_REFERRER_SERVICE" />
17-->[com.google.android.gms:play-services-measurement:21.3.0] AndroidManifest.xml:26:5-110
17-->[com.google.android.gms:play-services-measurement:21.3.0] AndroidManifest.xml:26:22-107
18
19    <application
19-->src\main\AndroidManifest.xml:5:5-29:19
20        android:allowBackup="true"
20-->src\main\AndroidManifest.xml:6:9-35
21        android:appComponentFactory="androidx.core.app.CoreComponentFactory"
21-->[androidx.core:core:1.7.0] AndroidManifest.xml:24:18-86
22        android:dataExtractionRules="@xml/data_extraction_rules"
22-->src\main\AndroidManifest.xml:7:9-65
23        android:debuggable="true"
24        android:extractNativeLibs="false"
25        android:fullBackupContent="@xml/backup_rules"
25-->src\main\AndroidManifest.xml:8:9-54
26        android:icon="@mipmap/ic_launcher"
26-->src\main\AndroidManifest.xml:9:9-43
27        android:label="@string/app_name"
27-->src\main\AndroidManifest.xml:10:9-41
28        android:roundIcon="@mipmap/ic_launcher_round"
28-->src\main\AndroidManifest.xml:11:9-54
29        android:supportsRtl="true"
29-->src\main\AndroidManifest.xml:12:9-35
30        android:testOnly="true"
31        android:theme="@style/Theme.MyApplication" >
31-->src\main\AndroidManifest.xml:13:9-51
32        <activity
32-->src\main\AndroidManifest.xml:15:9-23:20
33            android:name="com.skilligence.myapplication.AddUserActivity"
33-->src\main\AndroidManifest.xml:16:13-44
34            android:exported="true" >
34-->src\main\AndroidManifest.xml:17:13-36
35            <intent-filter>
35-->src\main\AndroidManifest.xml:18:13-22:29
36                <action android:name="android.intent.action.MAIN" />
36-->src\main\AndroidManifest.xml:19:17-69
36-->src\main\AndroidManifest.xml:19:25-66
37
38                <category android:name="android.intent.category.LAUNCHER" />
38-->src\main\AndroidManifest.xml:21:17-77
38-->src\main\AndroidManifest.xml:21:27-74
39            </intent-filter>
40        </activity>
41        <activity
41-->src\main\AndroidManifest.xml:24:9-28:20
42            android:name="com.skilligence.myapplication.MainActivity"
42-->src\main\AndroidManifest.xml:25:13-41
43            android:exported="true" >
43-->src\main\AndroidManifest.xml:26:13-36
44        </activity>
45
46        <service
46-->[com.google.firebase:firebase-storage:20.2.1] AndroidManifest.xml:29:9-35:19
47            android:name="com.google.firebase.components.ComponentDiscoveryService"
47-->[com.google.firebase:firebase-storage:20.2.1] AndroidManifest.xml:30:13-84
48            android:directBootAware="true"
48-->[com.google.firebase:firebase-common:20.3.3] AndroidManifest.xml:34:13-43
49            android:exported="false" >
49-->[com.google.firebase:firebase-storage:20.2.1] AndroidManifest.xml:31:13-37
50            <meta-data
50-->[com.google.firebase:firebase-storage:20.2.1] AndroidManifest.xml:32:13-34:85
51                android:name="com.google.firebase.components:com.google.firebase.storage.StorageRegistrar"
51-->[com.google.firebase:firebase-storage:20.2.1] AndroidManifest.xml:33:17-107
52                android:value="com.google.firebase.components.ComponentRegistrar" />
52-->[com.google.firebase:firebase-storage:20.2.1] AndroidManifest.xml:34:17-82
53            <meta-data
53-->[com.google.firebase:firebase-database:20.2.2] AndroidManifest.xml:31:13-33:85
54                android:name="com.google.firebase.components:com.google.firebase.database.DatabaseRegistrar"
54-->[com.google.firebase:firebase-database:20.2.2] AndroidManifest.xml:32:17-109
55                android:value="com.google.firebase.components.ComponentRegistrar" />
55-->[com.google.firebase:firebase-database:20.2.2] AndroidManifest.xml:33:17-82
56            <meta-data
56-->[com.google.android.gms:play-services-measurement-api:21.3.0] AndroidManifest.xml:31:13-33:85
57                android:name="com.google.firebase.components:com.google.firebase.analytics.connector.internal.AnalyticsConnectorRegistrar"
57-->[com.google.android.gms:play-services-measurement-api:21.3.0] AndroidManifest.xml:32:17-139
58                android:value="com.google.firebase.components.ComponentRegistrar" />
58-->[com.google.android.gms:play-services-measurement-api:21.3.0] AndroidManifest.xml:33:17-82
59            <meta-data
59-->[com.google.firebase:firebase-installations:17.1.3] AndroidManifest.xml:17:13-19:85
60                android:name="com.google.firebase.components:com.google.firebase.installations.FirebaseInstallationsRegistrar"
60-->[com.google.firebase:firebase-installations:17.1.3] AndroidManifest.xml:18:17-127
61                android:value="com.google.firebase.components.ComponentRegistrar" />
61-->[com.google.firebase:firebase-installations:17.1.3] AndroidManifest.xml:19:17-82
62        </service>
63
64        <provider
64-->[com.google.firebase:firebase-common:20.3.3] AndroidManifest.xml:25:9-30:39
65            android:name="com.google.firebase.provider.FirebaseInitProvider"
65-->[com.google.firebase:firebase-common:20.3.3] AndroidManifest.xml:26:13-77
66            android:authorities="com.skilligence.myapplication.firebaseinitprovider"
66-->[com.google.firebase:firebase-common:20.3.3] AndroidManifest.xml:27:13-72
67            android:directBootAware="true"
67-->[com.google.firebase:firebase-common:20.3.3] AndroidManifest.xml:28:13-43
68            android:exported="false"
68-->[com.google.firebase:firebase-common:20.3.3] AndroidManifest.xml:29:13-37
69            android:initOrder="100" />
69-->[com.google.firebase:firebase-common:20.3.3] AndroidManifest.xml:30:13-36
70
71        <activity
71-->[com.google.android.gms:play-services-base:18.1.0] AndroidManifest.xml:20:9-22:45
72            android:name="com.google.android.gms.common.api.GoogleApiActivity"
72-->[com.google.android.gms:play-services-base:18.1.0] AndroidManifest.xml:20:19-85
73            android:exported="false"
73-->[com.google.android.gms:play-services-base:18.1.0] AndroidManifest.xml:22:19-43
74            android:theme="@android:style/Theme.Translucent.NoTitleBar" />
74-->[com.google.android.gms:play-services-base:18.1.0] AndroidManifest.xml:21:19-78
75
76        <receiver
76-->[com.google.android.gms:play-services-measurement:21.3.0] AndroidManifest.xml:29:9-33:20
77            android:name="com.google.android.gms.measurement.AppMeasurementReceiver"
77-->[com.google.android.gms:play-services-measurement:21.3.0] AndroidManifest.xml:30:13-85
78            android:enabled="true"
78-->[com.google.android.gms:play-services-measurement:21.3.0] AndroidManifest.xml:31:13-35
79            android:exported="false" >
79-->[com.google.android.gms:play-services-measurement:21.3.0] AndroidManifest.xml:32:13-37
80        </receiver>
81
82        <service
82-->[com.google.android.gms:play-services-measurement:21.3.0] AndroidManifest.xml:35:9-38:40
83            android:name="com.google.android.gms.measurement.AppMeasurementService"
83-->[com.google.android.gms:play-services-measurement:21.3.0] AndroidManifest.xml:36:13-84
84            android:enabled="true"
84-->[com.google.android.gms:play-services-measurement:21.3.0] AndroidManifest.xml:37:13-35
85            android:exported="false" />
85-->[com.google.android.gms:play-services-measurement:21.3.0] AndroidManifest.xml:38:13-37
86        <service
86-->[com.google.android.gms:play-services-measurement:21.3.0] AndroidManifest.xml:39:9-43:72
87            android:name="com.google.android.gms.measurement.AppMeasurementJobService"
87-->[com.google.android.gms:play-services-measurement:21.3.0] AndroidManifest.xml:40:13-87
88            android:enabled="true"
88-->[com.google.android.gms:play-services-measurement:21.3.0] AndroidManifest.xml:41:13-35
89            android:exported="false"
89-->[com.google.android.gms:play-services-measurement:21.3.0] AndroidManifest.xml:42:13-37
90            android:permission="android.permission.BIND_JOB_SERVICE" />
90-->[com.google.android.gms:play-services-measurement:21.3.0] AndroidManifest.xml:43:13-69
91
92        <meta-data
92-->[com.google.android.gms:play-services-basement:18.1.0] AndroidManifest.xml:21:9-23:69
93            android:name="com.google.android.gms.version"
93-->[com.google.android.gms:play-services-basement:18.1.0] AndroidManifest.xml:22:13-58
94            android:value="@integer/google_play_services_version" />
94-->[com.google.android.gms:play-services-basement:18.1.0] AndroidManifest.xml:23:13-66
95
96        <provider
96-->[androidx.emoji2:emoji2:1.0.0] AndroidManifest.xml:26:9-34:20
97            android:name="androidx.startup.InitializationProvider"
97-->[androidx.emoji2:emoji2:1.0.0] AndroidManifest.xml:27:13-67
98            android:authorities="com.skilligence.myapplication.androidx-startup"
98-->[androidx.emoji2:emoji2:1.0.0] AndroidManifest.xml:28:13-68
99            android:exported="false" >
99-->[androidx.emoji2:emoji2:1.0.0] AndroidManifest.xml:29:13-37
100            <meta-data
100-->[androidx.emoji2:emoji2:1.0.0] AndroidManifest.xml:31:13-33:52
101                android:name="androidx.emoji2.text.EmojiCompatInitializer"
101-->[androidx.emoji2:emoji2:1.0.0] AndroidManifest.xml:32:17-75
102                android:value="androidx.startup" />
102-->[androidx.emoji2:emoji2:1.0.0] AndroidManifest.xml:33:17-49
103            <meta-data
103-->[androidx.lifecycle:lifecycle-process:2.4.0] AndroidManifest.xml:31:13-33:52
104                android:name="androidx.lifecycle.ProcessLifecycleInitializer"
104-->[androidx.lifecycle:lifecycle-process:2.4.0] AndroidManifest.xml:32:17-78
105                android:value="androidx.startup" />
105-->[androidx.lifecycle:lifecycle-process:2.4.0] AndroidManifest.xml:33:17-49
106        </provider>
107    </application>
108
109</manifest>